2025-03-19 15:25:11 -  - exec CUpdateClientPartner::SearchModulesEx
2025-03-19 15:25:11 -  - exec CUpdateClientPartner::__CollectRequestData
2025-03-19 15:25:11 -  - utf=Y&lang=ru&stable=Y&CANGZIP=Y&SUPD_DBS=MYSQL&XE=N&CLIENT_SITE=comforum.local&LICENSE_KEY=X&SUPD_STS=1&SUPD_URS=0&TYPENC=D&CLIENT_PHPVER=8.3.6&NGINX=Y&dbv=8.0.31&instm=main%2C24.0.796%2CY%3Bb24connector%2C24.0.0%2CN%3Bbitrix.sitecorporate%2C24.0.0%2CN%3Bbitrixcloud%2C24.0.0%2CN%3Bblog%2C24.0.0%2CN%3Bclouds%2C24.100.0%2CN%3Bfileman%2C24.100.0%2CN%3Bform%2C24.0.0%2CN%3Bforum%2C24.100.300%2CN%3Bhighloadblock%2C24.0.201%2CN%3Biblock%2C24.0.200%2CN%3Blanding%2C24.400.300%2CN%3Blocation%2C24.100.0%2CN%3Bmessageservice%2C24.500.0%2CN%3Bmobileapp%2C24.0.0%2CN%3Bperfmon%2C24.0.0%2CN%3Bphotogallery%2C24.100.0%2CN%3Brest%2C24.500.0%2CN%3Bsearch%2C24.0.0%2CN%3Bsecurity%2C24.0.0%2CN%3Bseo%2C24.300.0%2CN%3Bsocialservices%2C24.0.200%2CN%3Bsubscribe%2C24.0.0%2CN%3Btranslate%2C24.0.0%2CN%3Bui%2C24.300.0%2CN%3Bvote%2C24.0.0%2CN&search_module_id=&search_module=&search_category=7%2C14&search_type=&search_order=DESC&search_order_by=SORT&search_page=1&SUPD_SRS=RU&SUPD_CMP=N
2025-03-19 15:25:11 -  - exec CUpdateClientPartner::GetHTTPPage
2025-03-19 15:25:13 -  - TIME SearchModulesEx(request) 1.593 sec
2025-03-19 15:25:13 -  - exec CUpdateClientPartner::ParseServerData
2025-03-19 15:25:21 -  - exec CUpdateClientPartner::LoadModulesUpdates
2025-03-19 15:25:21 -  - exec CUpdateClientPartner::__CollectRequestData
2025-03-19 15:25:22 -  - utf=Y&lang=ru&stable=Y&CANGZIP=Y&SUPD_DBS=MYSQL&XE=N&CLIENT_SITE=comforum.local&LICENSE_KEY=X&SUPD_STS=1&SUPD_URS=0&TYPENC=D&CLIENT_PHPVER=8.3.6&NGINX=Y&dbv=8.0.31&instm=main%2C24.0.796%2CY%3Bb24connector%2C24.0.0%2CN%3Bbitrix.sitecorporate%2C24.0.0%2CN%3Bbitrixcloud%2C24.0.0%2CN%3Bblog%2C24.0.0%2CN%3Bclouds%2C24.100.0%2CN%3Bfileman%2C24.100.0%2CN%3Bform%2C24.0.0%2CN%3Bforum%2C24.100.300%2CN%3Bhighloadblock%2C24.0.201%2CN%3Biblock%2C24.0.200%2CN%3Blanding%2C24.400.300%2CN%3Blocation%2C24.100.0%2CN%3Bmessageservice%2C24.500.0%2CN%3Bmobileapp%2C24.0.0%2CN%3Bperfmon%2C24.0.0%2CN%3Bphotogallery%2C24.100.0%2CN%3Brest%2C24.500.0%2CN%3Bsearch%2C24.0.0%2CN%3Bsecurity%2C24.0.0%2CN%3Bseo%2C24.300.0%2CN%3Bsocialservices%2C24.0.200%2CN%3Bsubscribe%2C24.0.0%2CN%3Btranslate%2C24.0.0%2CN%3Bui%2C24.300.0%2CN%3Bvote%2C24.0.0%2CN&reqm=nsandrey.emptyinstall&lim=Y&SUPD_SRS=RU&SUPD_CMP=N
2025-03-19 15:25:22 -  - exec CUpdateClientPartner::GetHTTPPage
2025-03-19 15:25:22 -  - TIME LoadModulesUpdates(request) 0.687 sec
2025-03-19 15:25:22 -  - exec CUpdateClientPartner::ParseServerData
2025-03-19 15:25:22 - S - STEP
2025-03-19 15:25:22 - LM4W01 - loadModule4Wizard-Step
2025-03-19 15:25:22 -  - exec CUpdateClientPartner::LoadModulesUpdates
2025-03-19 15:25:22 -  - exec CUpdateClientPartner::ParseServerData
2025-03-19 15:25:22 -  - loadFile
2025-03-19 15:25:24 - U - RETURN
2025-03-19 15:25:24 -  - exec CUpdateClientPartner::UnGzipArchive
2025-03-19 15:25:24 -  - TIME UnGzipArchive 0.309 sec
2025-03-19 15:25:24 -  - TIME UpdateStepModules 0.17 sec
2025-03-19 15:25:24 -  - exec CUpdateClientPartner::LoadModulesUpdates
2025-03-19 15:25:24 -  - exec CUpdateClientPartner::__CollectRequestData
2025-03-19 15:25:24 -  - utf=Y&lang=ru&stable=Y&CANGZIP=Y&SUPD_DBS=MYSQL&XE=N&CLIENT_SITE=comforum.local&LICENSE_KEY=X&SUPD_STS=1&SUPD_URS=0&TYPENC=D&CLIENT_PHPVER=8.3.6&NGINX=Y&dbv=8.0.31&instm=main%2C24.0.796%2CY%3Bb24connector%2C24.0.0%2CN%3Bbitrix.sitecorporate%2C24.0.0%2CN%3Bbitrixcloud%2C24.0.0%2CN%3Bblog%2C24.0.0%2CN%3Bclouds%2C24.100.0%2CN%3Bfileman%2C24.100.0%2CN%3Bform%2C24.0.0%2CN%3Bforum%2C24.100.300%2CN%3Bhighloadblock%2C24.0.201%2CN%3Biblock%2C24.0.200%2CN%3Blanding%2C24.400.300%2CN%3Blocation%2C24.100.0%2CN%3Bmessageservice%2C24.500.0%2CN%3Bmobileapp%2C24.0.0%2CN%3Bnsandrey.emptyinstall%2C1.0.5%2CN%3Bperfmon%2C24.0.0%2CN%3Bphotogallery%2C24.100.0%2CN%3Brest%2C24.500.0%2CN%3Bsearch%2C24.0.0%2CN%3Bsecurity%2C24.0.0%2CN%3Bseo%2C24.300.0%2CN%3Bsocialservices%2C24.0.200%2CN%3Bsubscribe%2C24.0.0%2CN%3Btranslate%2C24.0.0%2CN%3Bui%2C24.300.0%2CN%3Bvote%2C24.0.0%2CN&reqm=nsandrey.emptyinstall&lim=Y&SUPD_SRS=RU&SUPD_CMP=N
2025-03-19 15:25:24 -  - exec CUpdateClientPartner::GetHTTPPage
2025-03-19 15:25:25 -  - TIME LoadModulesUpdates(request) 0.717 sec
2025-03-19 15:25:25 -  - exec CUpdateClientPartner::ParseServerData
2025-03-19 15:25:25 - STEP - Finish - NOUPDATES
2025-03-19 15:25:25 - LM4W03 - Finish - NOUPDATES
2025-03-19 15:26:46 -  - exec CUpdateClientPartner::__CollectRequestData
2025-03-19 15:26:46 -  - exec CUpdateClientPartner::GetHTTPPage
2025-03-19 15:26:47 -  - exec CUpdateClientPartner::ParseServerData
2025-03-19 15:26:47 -  - exec CUpdateClientPartner::GetUpdatesList
2025-03-19 15:26:47 -  - exec CUpdateClientPartner::__CollectRequestData
2025-03-19 15:26:47 -  - utf=Y&lang=ru&stable=Y&CANGZIP=Y&SUPD_DBS=MYSQL&XE=N&CLIENT_SITE=comforum.local&LICENSE_KEY=X&SUPD_STS=1&SUPD_URS=0&TYPENC=D&CLIENT_PHPVER=8.3.6&NGINX=Y&dbv=8.0.31&instm=main%2C24.0.796%2CY%3Bb24connector%2C24.0.0%2CN%3Bbitrix.sitecorporate%2C24.0.0%2CN%3Bbitrixcloud%2C24.0.0%2CN%3Bblog%2C24.0.0%2CN%3Bclouds%2C24.100.0%2CN%3Bfileman%2C24.100.0%2CN%3Bform%2C24.0.0%2CN%3Bforum%2C24.100.300%2CN%3Bhighloadblock%2C24.0.201%2CN%3Biblock%2C24.0.200%2CN%3Blanding%2C24.400.300%2CN%3Blocation%2C24.100.0%2CN%3Bmessageservice%2C24.500.0%2CN%3Bmobileapp%2C24.0.0%2CN%3Bnsandrey.emptyinstall%2C1.0.5%2CN%3Bperfmon%2C24.0.0%2CN%3Bphotogallery%2C24.100.0%2CN%3Brest%2C24.500.0%2CN%3Bsearch%2C24.0.0%2CN%3Bsecurity%2C24.0.0%2CN%3Bseo%2C24.300.0%2CN%3Bsocialservices%2C24.0.200%2CN%3Bsubscribe%2C24.0.0%2CN%3Btranslate%2C24.0.0%2CN%3Bui%2C24.300.0%2CN%3Bvote%2C24.0.0%2CN&reqm=bitrix.sitecorporate%2Cnsandrey.emptyinstall&fullmoduleinfo=Y&SUPD_SRS=RU&SUPD_CMP=N
2025-03-19 15:26:47 -  - exec CUpdateClientPartner::GetHTTPPage
2025-03-19 15:26:48 -  - TIME GetUpdatesList(request) 0.827 sec
2025-03-19 15:26:48 -  - exec CUpdateClientPartner::ParseServerData
2025-03-19 15:26:48 -  - exec CUpdateClientPartner::__CollectRequestData
2025-03-19 15:26:48 -  - exec CUpdateClientPartner::GetHTTPPage
2025-03-19 15:26:48 -  - exec CUpdateClientPartner::ParseServerData
2025-03-20 18:03:35 -  - exec CUpdateClientPartner::__CollectRequestData
2025-03-20 18:03:35 -  - exec CUpdateClientPartner::GetHTTPPage
2025-03-20 18:03:37 -  - exec CUpdateClientPartner::ParseServerData
2025-03-20 18:03:37 -  - exec CUpdateClientPartner::GetUpdatesList
2025-03-20 18:03:37 -  - exec CUpdateClientPartner::__CollectRequestData
2025-03-20 18:03:37 -  - utf=Y&lang=ru&stable=Y&CANGZIP=Y&SUPD_DBS=MYSQL&XE=N&CLIENT_SITE=comforum.local&LICENSE_KEY=X&SUPD_STS=1&SUPD_URS=0&TYPENC=D&CLIENT_PHPVER=8.3.6&NGINX=Y&dbv=8.0.31&instm=main%2C24.0.796%2CY%3Bb24connector%2C24.0.0%2CN%3Bbitrix.sitecorporate%2C24.0.0%2CN%3Bbitrixcloud%2C24.0.0%2CN%3Bblog%2C24.0.0%2CN%3Bclouds%2C24.100.0%2CN%3Bfileman%2C24.100.0%2CN%3Bform%2C24.0.0%2CN%3Bforum%2C24.100.300%2CN%3Bhighloadblock%2C24.0.201%2CN%3Biblock%2C24.0.200%2CN%3Blanding%2C24.400.300%2CN%3Blocation%2C24.100.0%2CN%3Bmessageservice%2C24.500.0%2CN%3Bmobileapp%2C24.0.0%2CN%3Bnsandrey.emptyinstall%2C1.0.5%2CN%3Bperfmon%2C24.0.0%2CN%3Bphotogallery%2C24.100.0%2CN%3Brest%2C24.500.0%2CN%3Bsearch%2C24.0.0%2CN%3Bsecurity%2C24.0.0%2CN%3Bseo%2C24.300.0%2CN%3Bsocialservices%2C24.0.200%2CN%3Bsubscribe%2C24.0.0%2CN%3Btranslate%2C24.0.0%2CN%3Bui%2C24.300.0%2CN%3Bvote%2C24.0.0%2CN&reqm=bitrix.sitecorporate%2Cnsandrey.emptyinstall&fullmoduleinfo=Y&SUPD_SRS=RU&SUPD_CMP=N
2025-03-20 18:03:37 -  - exec CUpdateClientPartner::GetHTTPPage
2025-03-20 18:03:37 -  - TIME GetUpdatesList(request) 0.683 sec
2025-03-20 18:03:37 -  - exec CUpdateClientPartner::ParseServerData
2025-03-20 18:03:37 -  - exec CUpdateClientPartner::__CollectRequestData
2025-03-20 18:03:37 -  - exec CUpdateClientPartner::GetHTTPPage
2025-03-20 18:03:38 -  - exec CUpdateClientPartner::ParseServerData
2025-03-21 18:36:24 -  - exec CUpdateClientPartner::__CollectRequestData
2025-03-21 18:36:24 -  - exec CUpdateClientPartner::GetHTTPPage
2025-03-21 18:36:25 -  - exec CUpdateClientPartner::ParseServerData
2025-03-21 18:36:25 -  - exec CUpdateClientPartner::GetUpdatesList
2025-03-21 18:36:25 -  - exec CUpdateClientPartner::__CollectRequestData
2025-03-21 18:36:25 -  - utf=Y&lang=ru&stable=Y&CANGZIP=Y&SUPD_DBS=MYSQL&XE=N&CLIENT_SITE=comforum.local&LICENSE_KEY=X&SUPD_STS=1&SUPD_URS=0&TYPENC=D&CLIENT_PHPVER=8.3.6&NGINX=Y&dbv=8.0.31&instm=main%2C24.0.796%2CY%3Bb24connector%2C24.0.0%2CN%3Bbitrix.sitecorporate%2C24.0.0%2CN%3Bbitrixcloud%2C24.0.0%2CN%3Bblog%2C24.0.0%2CN%3Bclouds%2C24.100.0%2CN%3Bfileman%2C24.100.0%2CN%3Bform%2C24.0.0%2CN%3Bforum%2C24.100.300%2CN%3Bhighloadblock%2C24.0.201%2CN%3Biblock%2C24.0.200%2CN%3Blanding%2C24.400.300%2CN%3Blocation%2C24.100.0%2CN%3Bmessageservice%2C24.500.0%2CN%3Bmobileapp%2C24.0.0%2CN%3Bnsandrey.emptyinstall%2C1.0.5%2CN%3Bperfmon%2C24.0.0%2CN%3Bphotogallery%2C24.100.0%2CN%3Brest%2C24.500.0%2CN%3Bsearch%2C24.0.0%2CN%3Bsecurity%2C24.0.0%2CN%3Bseo%2C24.300.0%2CN%3Bsocialservices%2C24.0.200%2CN%3Bsubscribe%2C24.0.0%2CN%3Btranslate%2C24.0.0%2CN%3Bui%2C24.300.0%2CN%3Bvote%2C24.0.0%2CN&reqm=bitrix.sitecorporate%2Cnsandrey.emptyinstall&fullmoduleinfo=Y&SUPD_SRS=RU&SUPD_CMP=N
2025-03-21 18:36:25 -  - exec CUpdateClientPartner::GetHTTPPage
2025-03-21 18:36:26 -  - TIME GetUpdatesList(request) 0.757 sec
2025-03-21 18:36:26 -  - exec CUpdateClientPartner::ParseServerData
2025-03-21 18:36:26 -  - exec CUpdateClientPartner::__CollectRequestData
2025-03-21 18:36:26 -  - exec CUpdateClientPartner::GetHTTPPage
2025-03-21 18:36:27 -  - exec CUpdateClientPartner::ParseServerData
2025-03-23 17:17:30 -  - exec CUpdateClientPartner::__CollectRequestData
2025-03-23 17:17:30 -  - exec CUpdateClientPartner::GetHTTPPage
2025-03-23 17:17:32 -  - exec CUpdateClientPartner::ParseServerData
2025-03-23 17:17:32 -  - exec CUpdateClientPartner::GetUpdatesList
2025-03-23 17:17:32 -  - exec CUpdateClientPartner::__CollectRequestData
2025-03-23 17:17:32 -  - utf=Y&lang=ru&stable=Y&CANGZIP=Y&SUPD_DBS=MYSQL&XE=N&CLIENT_SITE=comforum.local&LICENSE_KEY=X&SUPD_STS=1&SUPD_URS=0&TYPENC=D&CLIENT_PHPVER=8.3.6&NGINX=Y&dbv=8.0.31&instm=main%2C24.0.796%2CY%3Bb24connector%2C24.0.0%2CN%3Bbitrix.sitecorporate%2C24.0.0%2CN%3Bbitrixcloud%2C24.0.0%2CN%3Bblog%2C24.0.0%2CN%3Bclouds%2C24.100.0%2CN%3Bfileman%2C24.100.0%2CN%3Bform%2C24.0.0%2CN%3Bforum%2C24.100.300%2CN%3Bhighloadblock%2C24.0.201%2CN%3Biblock%2C24.0.200%2CN%3Blanding%2C24.400.300%2CN%3Blocation%2C24.100.0%2CN%3Bmessageservice%2C24.500.0%2CN%3Bmobileapp%2C24.0.0%2CN%3Bnsandrey.emptyinstall%2C1.0.5%2CN%3Bperfmon%2C24.0.0%2CN%3Bphotogallery%2C24.100.0%2CN%3Brest%2C24.500.0%2CN%3Bsearch%2C24.0.0%2CN%3Bsecurity%2C24.0.0%2CN%3Bseo%2C24.300.0%2CN%3Bsocialservices%2C24.0.200%2CN%3Bsubscribe%2C24.0.0%2CN%3Btranslate%2C24.0.0%2CN%3Bui%2C24.300.0%2CN%3Bvote%2C24.0.0%2CN&reqm=bitrix.sitecorporate%2Cnsandrey.emptyinstall&fullmoduleinfo=Y&SUPD_SRS=RU&SUPD_CMP=N
2025-03-23 17:17:32 -  - exec CUpdateClientPartner::GetHTTPPage
2025-03-23 17:17:33 -  - TIME GetUpdatesList(request) 0.813 sec
2025-03-23 17:17:33 -  - exec CUpdateClientPartner::ParseServerData
2025-03-23 17:17:33 -  - exec CUpdateClientPartner::__CollectRequestData
2025-03-23 17:17:33 -  - exec CUpdateClientPartner::GetHTTPPage
2025-03-23 17:17:34 -  - exec CUpdateClientPartner::ParseServerData
2025-03-26 18:03:59 -  - exec CUpdateClientPartner::__CollectRequestData
2025-03-26 18:03:59 -  - exec CUpdateClientPartner::GetHTTPPage
2025-03-26 18:04:00 -  - exec CUpdateClientPartner::ParseServerData
2025-03-26 18:04:00 -  - exec CUpdateClientPartner::GetUpdatesList
2025-03-26 18:04:00 -  - exec CUpdateClientPartner::__CollectRequestData
2025-03-26 18:04:00 -  - utf=Y&lang=ru&stable=Y&CANGZIP=Y&SUPD_DBS=MYSQL&XE=N&CLIENT_SITE=comforum.local&LICENSE_KEY=X&SUPD_STS=1&SUPD_URS=0&TYPENC=D&CLIENT_PHPVER=8.3.6&NGINX=Y&dbv=8.0.31&instm=main%2C24.0.796%2CY%3Bb24connector%2C24.0.0%2CN%3Bbitrix.sitecorporate%2C24.0.0%2CN%3Bbitrixcloud%2C24.0.0%2CN%3Bblog%2C24.0.0%2CN%3Bclouds%2C24.100.0%2CN%3Bfileman%2C24.100.0%2CN%3Bform%2C24.0.0%2CN%3Bforum%2C24.100.300%2CN%3Bhighloadblock%2C24.0.201%2CN%3Biblock%2C24.0.200%2CN%3Blanding%2C24.400.300%2CN%3Blocation%2C24.100.0%2CN%3Bmessageservice%2C24.500.0%2CN%3Bmobileapp%2C24.0.0%2CN%3Bnsandrey.emptyinstall%2C1.0.5%2CN%3Bperfmon%2C24.0.0%2CN%3Bphotogallery%2C24.100.0%2CN%3Brest%2C24.500.0%2CN%3Bsearch%2C24.0.0%2CN%3Bsecurity%2C24.0.0%2CN%3Bseo%2C24.300.0%2CN%3Bsocialservices%2C24.0.200%2CN%3Bsubscribe%2C24.0.0%2CN%3Btranslate%2C24.0.0%2CN%3Bui%2C24.300.0%2CN%3Bvote%2C24.0.0%2CN&reqm=bitrix.sitecorporate%2Cnsandrey.emptyinstall&fullmoduleinfo=Y&SUPD_SRS=RU&SUPD_CMP=N
2025-03-26 18:04:00 -  - exec CUpdateClientPartner::GetHTTPPage
2025-03-26 18:04:01 -  - TIME GetUpdatesList(request) 1.089 sec
2025-03-26 18:04:01 -  - exec CUpdateClientPartner::ParseServerData
2025-03-26 18:04:01 -  - exec CUpdateClientPartner::__CollectRequestData
2025-03-26 18:04:01 -  - exec CUpdateClientPartner::GetHTTPPage
2025-03-26 18:04:02 -  - exec CUpdateClientPartner::ParseServerData
2025-03-28 00:07:04 -  - exec CUpdateClientPartner::__CollectRequestData
2025-03-28 00:07:04 -  - exec CUpdateClientPartner::GetHTTPPage
2025-03-28 00:07:05 -  - exec CUpdateClientPartner::ParseServerData
2025-03-28 00:07:05 -  - exec CUpdateClientPartner::GetUpdatesList
2025-03-28 00:07:05 -  - exec CUpdateClientPartner::__CollectRequestData
2025-03-28 00:07:05 -  - utf=Y&lang=ru&stable=Y&CANGZIP=Y&SUPD_DBS=MYSQL&XE=N&CLIENT_SITE=comforum.local&LICENSE_KEY=X&SUPD_STS=1&SUPD_URS=0&TYPENC=D&CLIENT_PHPVER=8.3.6&NGINX=Y&dbv=8.0.31&instm=main%2C24.0.796%2CY%3Bb24connector%2C24.0.0%2CN%3Bbitrix.sitecorporate%2C24.0.0%2CN%3Bbitrixcloud%2C24.0.0%2CN%3Bblog%2C24.0.0%2CN%3Bclouds%2C24.100.0%2CN%3Bfileman%2C24.100.0%2CN%3Bform%2C24.0.0%2CN%3Bforum%2C24.100.300%2CN%3Bhighloadblock%2C24.0.201%2CN%3Biblock%2C24.0.200%2CN%3Blanding%2C24.400.300%2CN%3Blocation%2C24.100.0%2CN%3Bmessageservice%2C24.500.0%2CN%3Bmobileapp%2C24.0.0%2CN%3Bnsandrey.emptyinstall%2C1.0.5%2CN%3Bperfmon%2C24.0.0%2CN%3Bphotogallery%2C24.100.0%2CN%3Brest%2C24.500.0%2CN%3Bsearch%2C24.0.0%2CN%3Bsecurity%2C24.0.0%2CN%3Bseo%2C24.300.0%2CN%3Bsocialservices%2C24.0.200%2CN%3Bsubscribe%2C24.0.0%2CN%3Btranslate%2C24.0.0%2CN%3Bui%2C24.300.0%2CN%3Bvote%2C24.0.0%2CN&reqm=bitrix.sitecorporate%2Cnsandrey.emptyinstall&fullmoduleinfo=Y&SUPD_SRS=RU&SUPD_CMP=N
2025-03-28 00:07:05 -  - exec CUpdateClientPartner::GetHTTPPage
2025-03-28 00:07:06 -  - TIME GetUpdatesList(request) 1.089 sec
2025-03-28 00:07:06 -  - exec CUpdateClientPartner::ParseServerData
2025-03-28 00:07:06 -  - exec CUpdateClientPartner::__CollectRequestData
2025-03-28 00:07:06 -  - exec CUpdateClientPartner::GetHTTPPage
2025-03-28 00:07:07 -  - exec CUpdateClientPartner::ParseServerData
2025-03-29 18:04:58 -  - exec CUpdateClientPartner::__CollectRequestData
2025-03-29 18:04:58 -  - exec CUpdateClientPartner::GetHTTPPage
2025-03-29 18:05:00 -  - exec CUpdateClientPartner::ParseServerData
2025-03-29 18:05:00 -  - exec CUpdateClientPartner::GetUpdatesList
2025-03-29 18:05:00 -  - exec CUpdateClientPartner::__CollectRequestData
2025-03-29 18:05:00 -  - utf=Y&lang=ru&stable=Y&CANGZIP=Y&SUPD_DBS=MYSQL&XE=N&CLIENT_SITE=comforum.local&LICENSE_KEY=X&SUPD_STS=1&SUPD_URS=0&TYPENC=D&CLIENT_PHPVER=8.3.6&NGINX=Y&dbv=8.0.31&instm=main%2C24.0.796%2CY%3Bb24connector%2C24.0.0%2CN%3Bbitrix.sitecorporate%2C24.0.0%2CN%3Bbitrixcloud%2C24.0.0%2CN%3Bblog%2C24.0.0%2CN%3Bclouds%2C24.100.0%2CN%3Bfileman%2C24.100.0%2CN%3Bform%2C24.0.0%2CN%3Bforum%2C24.100.300%2CN%3Bhighloadblock%2C24.0.201%2CN%3Biblock%2C24.0.200%2CN%3Blanding%2C24.400.300%2CN%3Blocation%2C24.100.0%2CN%3Bmessageservice%2C24.500.0%2CN%3Bmobileapp%2C24.0.0%2CN%3Bnsandrey.emptyinstall%2C1.0.5%2CN%3Bperfmon%2C24.0.0%2CN%3Bphotogallery%2C24.100.0%2CN%3Brest%2C24.500.0%2CN%3Bsearch%2C24.0.0%2CN%3Bsecurity%2C24.0.0%2CN%3Bseo%2C24.300.0%2CN%3Bsocialservices%2C24.0.200%2CN%3Bsubscribe%2C24.0.0%2CN%3Btranslate%2C24.0.0%2CN%3Bui%2C24.300.0%2CN%3Bvote%2C24.0.0%2CN&reqm=bitrix.sitecorporate%2Cnsandrey.emptyinstall&fullmoduleinfo=Y&SUPD_SRS=RU&SUPD_CMP=N
2025-03-29 18:05:00 -  - exec CUpdateClientPartner::GetHTTPPage
2025-03-29 18:05:01 -  - TIME GetUpdatesList(request) 1.108 sec
2025-03-29 18:05:01 -  - exec CUpdateClientPartner::ParseServerData
2025-03-29 18:05:01 -  - exec CUpdateClientPartner::__CollectRequestData
2025-03-29 18:05:01 -  - exec CUpdateClientPartner::GetHTTPPage
2025-03-29 18:05:02 -  - exec CUpdateClientPartner::ParseServerData
2025-04-02 21:59:40 -  - exec CUpdateClientPartner::__CollectRequestData
2025-04-02 21:59:41 -  - exec CUpdateClientPartner::GetHTTPPage
2025-04-02 21:59:42 -  - exec CUpdateClientPartner::ParseServerData
2025-04-02 21:59:42 -  - exec CUpdateClientPartner::GetUpdatesList
2025-04-02 21:59:42 -  - exec CUpdateClientPartner::__CollectRequestData
2025-04-02 21:59:42 -  - utf=Y&lang=ru&stable=Y&CANGZIP=Y&SUPD_DBS=MYSQL&XE=N&CLIENT_SITE=comforum.local&LICENSE_KEY=X&SUPD_STS=1&SUPD_URS=0&TYPENC=D&CLIENT_PHPVER=8.3.6&NGINX=Y&dbv=8.0.31&instm=main%2C24.0.796%2CY%3Bb24connector%2C24.0.0%2CN%3Bbitrix.sitecorporate%2C24.0.0%2CN%3Bbitrixcloud%2C24.0.0%2CN%3Bblog%2C24.0.0%2CN%3Bclouds%2C24.100.0%2CN%3Bfileman%2C24.100.0%2CN%3Bform%2C24.0.0%2CN%3Bforum%2C24.100.300%2CN%3Bhighloadblock%2C24.0.201%2CN%3Biblock%2C24.0.200%2CN%3Blanding%2C24.400.300%2CN%3Blocation%2C24.100.0%2CN%3Bmessageservice%2C24.500.0%2CN%3Bmobileapp%2C24.0.0%2CN%3Bnsandrey.emptyinstall%2C1.0.5%2CN%3Bperfmon%2C24.0.0%2CN%3Bphotogallery%2C24.100.0%2CN%3Brest%2C24.500.0%2CN%3Bsearch%2C24.0.0%2CN%3Bsecurity%2C24.0.0%2CN%3Bseo%2C24.300.0%2CN%3Bsocialservices%2C24.0.200%2CN%3Bsubscribe%2C24.0.0%2CN%3Btranslate%2C24.0.0%2CN%3Bui%2C24.300.0%2CN%3Bvote%2C24.0.0%2CN&reqm=bitrix.sitecorporate%2Cnsandrey.emptyinstall&fullmoduleinfo=Y&SUPD_SRS=RU&SUPD_CMP=N
2025-04-02 21:59:42 -  - exec CUpdateClientPartner::GetHTTPPage
2025-04-02 21:59:42 -  - TIME GetUpdatesList(request) 0.798 sec
2025-04-02 21:59:42 -  - exec CUpdateClientPartner::ParseServerData
2025-04-02 21:59:42 -  - exec CUpdateClientPartner::__CollectRequestData
2025-04-02 21:59:42 -  - exec CUpdateClientPartner::GetHTTPPage
2025-04-02 21:59:43 -  - exec CUpdateClientPartner::ParseServerData
2025-04-05 16:40:36 -  - exec CUpdateClientPartner::__CollectRequestData
2025-04-05 16:40:36 -  - exec CUpdateClientPartner::GetHTTPPage
2025-04-05 16:40:37 -  - exec CUpdateClientPartner::ParseServerData
2025-04-05 16:40:37 -  - exec CUpdateClientPartner::GetUpdatesList
2025-04-05 16:40:37 -  - exec CUpdateClientPartner::__CollectRequestData
2025-04-05 16:40:37 -  - utf=Y&lang=ru&stable=Y&CANGZIP=Y&SUPD_DBS=MYSQL&XE=N&CLIENT_SITE=comforum.local&LICENSE_KEY=X&SUPD_STS=1&SUPD_URS=0&TYPENC=D&CLIENT_PHPVER=8.3.6&NGINX=Y&dbv=8.0.31&instm=main%2C24.0.796%2CY%3Bb24connector%2C24.0.0%2CN%3Bbitrix.sitecorporate%2C24.0.0%2CN%3Bbitrixcloud%2C24.0.0%2CN%3Bblog%2C24.0.0%2CN%3Bclouds%2C24.100.0%2CN%3Bfileman%2C24.100.0%2CN%3Bform%2C24.0.0%2CN%3Bforum%2C24.100.300%2CN%3Bhighloadblock%2C24.0.201%2CN%3Biblock%2C24.0.200%2CN%3Blanding%2C24.400.300%2CN%3Blocation%2C24.100.0%2CN%3Bmessageservice%2C24.500.0%2CN%3Bmobileapp%2C24.0.0%2CN%3Bnsandrey.emptyinstall%2C1.0.5%2CN%3Bperfmon%2C24.0.0%2CN%3Bphotogallery%2C24.100.0%2CN%3Brest%2C24.500.0%2CN%3Bsearch%2C24.0.0%2CN%3Bsecurity%2C24.0.0%2CN%3Bseo%2C24.300.0%2CN%3Bsocialservices%2C24.0.200%2CN%3Bsubscribe%2C24.0.0%2CN%3Btranslate%2C24.0.0%2CN%3Bui%2C24.300.0%2CN%3Bvote%2C24.0.0%2CN&reqm=bitrix.sitecorporate%2Cnsandrey.emptyinstall&fullmoduleinfo=Y&SUPD_SRS=RU&SUPD_CMP=N
2025-04-05 16:40:37 -  - exec CUpdateClientPartner::GetHTTPPage
2025-04-05 16:40:38 -  - TIME GetUpdatesList(request) 1.087 sec
2025-04-05 16:40:38 -  - exec CUpdateClientPartner::ParseServerData
2025-04-05 16:40:38 -  - exec CUpdateClientPartner::__CollectRequestData
2025-04-05 16:40:39 -  - exec CUpdateClientPartner::GetHTTPPage
2025-04-05 16:40:39 -  - exec CUpdateClientPartner::ParseServerData
2025-04-06 16:55:00 -  - exec CUpdateClientPartner::__CollectRequestData
2025-04-06 16:55:00 -  - exec CUpdateClientPartner::GetHTTPPage
2025-04-06 16:55:02 -  - exec CUpdateClientPartner::ParseServerData
2025-04-06 16:55:02 -  - exec CUpdateClientPartner::GetUpdatesList
2025-04-06 16:55:02 -  - exec CUpdateClientPartner::__CollectRequestData
2025-04-06 16:55:02 -  - utf=Y&lang=ru&stable=Y&CANGZIP=Y&SUPD_DBS=MYSQL&XE=N&CLIENT_SITE=comforum.local&LICENSE_KEY=X&SUPD_STS=1&SUPD_URS=0&TYPENC=D&CLIENT_PHPVER=8.3.6&NGINX=Y&dbv=8.0.31&instm=main%2C24.0.796%2CY%3Bb24connector%2C24.0.0%2CN%3Bbitrix.sitecorporate%2C24.0.0%2CN%3Bbitrixcloud%2C24.0.0%2CN%3Bblog%2C24.0.0%2CN%3Bclouds%2C24.100.0%2CN%3Bfileman%2C24.100.0%2CN%3Bform%2C24.0.0%2CN%3Bforum%2C24.100.300%2CN%3Bhighloadblock%2C24.0.201%2CN%3Biblock%2C24.0.200%2CN%3Blanding%2C24.400.300%2CN%3Blocation%2C24.100.0%2CN%3Bmessageservice%2C24.500.0%2CN%3Bmobileapp%2C24.0.0%2CN%3Bnsandrey.emptyinstall%2C1.0.5%2CN%3Bperfmon%2C24.0.0%2CN%3Bphotogallery%2C24.100.0%2CN%3Brest%2C24.500.0%2CN%3Bsearch%2C24.0.0%2CN%3Bsecurity%2C24.0.0%2CN%3Bseo%2C24.300.0%2CN%3Bsocialservices%2C24.0.200%2CN%3Bsubscribe%2C24.0.0%2CN%3Btranslate%2C24.0.0%2CN%3Bui%2C24.300.0%2CN%3Bvote%2C24.0.0%2CN&reqm=bitrix.sitecorporate%2Cnsandrey.emptyinstall&fullmoduleinfo=Y&SUPD_SRS=RU&SUPD_CMP=N
2025-04-06 16:55:02 -  - exec CUpdateClientPartner::GetHTTPPage
2025-04-06 16:55:02 -  - TIME GetUpdatesList(request) 0.799 sec
2025-04-06 16:55:02 -  - exec CUpdateClientPartner::ParseServerData
2025-04-06 16:55:02 -  - exec CUpdateClientPartner::__CollectRequestData
2025-04-06 16:55:02 -  - exec CUpdateClientPartner::GetHTTPPage
2025-04-06 16:55:03 -  - exec CUpdateClientPartner::ParseServerData
2025-04-09 20:11:49 -  - exec CUpdateClientPartner::__CollectRequestData
2025-04-09 20:11:49 -  - exec CUpdateClientPartner::GetHTTPPage
2025-04-09 20:11:50 -  - exec CUpdateClientPartner::ParseServerData
2025-04-09 20:11:50 -  - exec CUpdateClientPartner::GetUpdatesList
2025-04-09 20:11:50 -  - exec CUpdateClientPartner::__CollectRequestData
2025-04-09 20:11:50 -  - utf=Y&lang=ru&stable=Y&CANGZIP=Y&SUPD_DBS=MYSQL&XE=N&CLIENT_SITE=comforum.local&LICENSE_KEY=X&SUPD_STS=1&SUPD_URS=0&TYPENC=D&CLIENT_PHPVER=8.3.6&NGINX=Y&dbv=8.0.31&instm=main%2C24.0.796%2CY%3Bb24connector%2C24.0.0%2CN%3Bbitrix.sitecorporate%2C24.0.0%2CN%3Bbitrixcloud%2C24.0.0%2CN%3Bblog%2C24.0.0%2CN%3Bclouds%2C24.100.0%2CN%3Bfileman%2C24.100.0%2CN%3Bform%2C24.0.0%2CN%3Bforum%2C24.100.300%2CN%3Bhighloadblock%2C24.0.201%2CN%3Biblock%2C24.0.200%2CN%3Blanding%2C24.400.300%2CN%3Blocation%2C24.100.0%2CN%3Bmessageservice%2C24.500.0%2CN%3Bmobileapp%2C24.0.0%2CN%3Bnsandrey.emptyinstall%2C1.0.5%2CN%3Bperfmon%2C24.0.0%2CN%3Bphotogallery%2C24.100.0%2CN%3Brest%2C24.500.0%2CN%3Bsearch%2C24.0.0%2CN%3Bsecurity%2C24.0.0%2CN%3Bseo%2C24.300.0%2CN%3Bsocialservices%2C24.0.200%2CN%3Bsubscribe%2C24.0.0%2CN%3Btranslate%2C24.0.0%2CN%3Bui%2C24.300.0%2CN%3Bvote%2C24.0.0%2CN&reqm=bitrix.sitecorporate%2Cnsandrey.emptyinstall&fullmoduleinfo=Y&SUPD_SRS=RU&SUPD_CMP=N
2025-04-09 20:11:50 -  - exec CUpdateClientPartner::GetHTTPPage
2025-04-09 20:11:51 -  - TIME GetUpdatesList(request) 0.85 sec
2025-04-09 20:11:51 -  - exec CUpdateClientPartner::ParseServerData
2025-04-09 20:11:51 -  - exec CUpdateClientPartner::__CollectRequestData
2025-04-09 20:11:51 -  - exec CUpdateClientPartner::GetHTTPPage
2025-04-09 20:11:52 -  - exec CUpdateClientPartner::ParseServerData
2025-04-11 14:57:00 -  - exec CUpdateClientPartner::__CollectRequestData
2025-04-11 14:57:00 -  - exec CUpdateClientPartner::GetHTTPPage
2025-04-11 14:57:01 -  - exec CUpdateClientPartner::ParseServerData
2025-04-11 14:57:01 -  - exec CUpdateClientPartner::GetUpdatesList
2025-04-11 14:57:01 -  - exec CUpdateClientPartner::__CollectRequestData
2025-04-11 14:57:01 -  - utf=Y&lang=ru&stable=Y&CANGZIP=Y&SUPD_DBS=MYSQL&XE=N&CLIENT_SITE=comforum.local&LICENSE_KEY=X&SUPD_STS=1&SUPD_URS=0&TYPENC=D&CLIENT_PHPVER=8.3.6&NGINX=Y&dbv=8.0.31&instm=main%2C24.0.796%2CY%3Bb24connector%2C24.0.0%2CN%3Bbitrix.sitecorporate%2C24.0.0%2CN%3Bbitrixcloud%2C24.0.0%2CN%3Bblog%2C24.0.0%2CN%3Bclouds%2C24.100.0%2CN%3Bfileman%2C24.100.0%2CN%3Bform%2C24.0.0%2CN%3Bforum%2C24.100.300%2CN%3Bhighloadblock%2C24.0.201%2CN%3Biblock%2C24.0.200%2CN%3Blanding%2C24.400.300%2CN%3Blocation%2C24.100.0%2CN%3Bmessageservice%2C24.500.0%2CN%3Bmobileapp%2C24.0.0%2CN%3Bnsandrey.emptyinstall%2C1.0.5%2CN%3Bperfmon%2C24.0.0%2CN%3Bphotogallery%2C24.100.0%2CN%3Brest%2C24.500.0%2CN%3Bsearch%2C24.0.0%2CN%3Bsecurity%2C24.0.0%2CN%3Bseo%2C24.300.0%2CN%3Bsocialservices%2C24.0.200%2CN%3Bsubscribe%2C24.0.0%2CN%3Btranslate%2C24.0.0%2CN%3Bui%2C24.300.0%2CN%3Bvote%2C24.0.0%2CN&reqm=bitrix.sitecorporate%2Cnsandrey.emptyinstall&fullmoduleinfo=Y&SUPD_SRS=RU&SUPD_CMP=N
2025-04-11 14:57:01 -  - exec CUpdateClientPartner::GetHTTPPage
2025-04-11 14:57:01 -  - TIME GetUpdatesList(request) 0.794 sec
2025-04-11 14:57:01 -  - exec CUpdateClientPartner::ParseServerData
2025-04-11 14:57:01 -  - exec CUpdateClientPartner::__CollectRequestData
2025-04-11 14:57:02 -  - exec CUpdateClientPartner::GetHTTPPage
2025-04-11 14:57:02 -  - exec CUpdateClientPartner::ParseServerData
2025-04-12 16:06:59 -  - exec CUpdateClientPartner::__CollectRequestData
2025-04-12 16:06:59 -  - exec CUpdateClientPartner::GetHTTPPage
2025-04-12 16:07:01 -  - exec CUpdateClientPartner::ParseServerData
2025-04-12 16:07:01 -  - exec CUpdateClientPartner::GetUpdatesList
2025-04-12 16:07:01 -  - exec CUpdateClientPartner::__CollectRequestData
2025-04-12 16:07:01 -  - utf=Y&lang=ru&stable=Y&CANGZIP=Y&SUPD_DBS=MYSQL&XE=N&CLIENT_SITE=comforum.local&LICENSE_KEY=X&SUPD_STS=1&SUPD_URS=0&TYPENC=D&CLIENT_PHPVER=8.3.6&NGINX=Y&dbv=8.0.31&instm=main%2C24.0.796%2CY%3Bb24connector%2C24.0.0%2CN%3Bbitrix.sitecorporate%2C24.0.0%2CN%3Bbitrixcloud%2C24.0.0%2CN%3Bblog%2C24.0.0%2CN%3Bclouds%2C24.100.0%2CN%3Bfileman%2C24.100.0%2CN%3Bform%2C24.0.0%2CN%3Bforum%2C24.100.300%2CN%3Bhighloadblock%2C24.0.201%2CN%3Biblock%2C24.0.200%2CN%3Blanding%2C24.400.300%2CN%3Blocation%2C24.100.0%2CN%3Bmessageservice%2C24.500.0%2CN%3Bmobileapp%2C24.0.0%2CN%3Bnsandrey.emptyinstall%2C1.0.5%2CN%3Bperfmon%2C24.0.0%2CN%3Bphotogallery%2C24.100.0%2CN%3Brest%2C24.500.0%2CN%3Bsearch%2C24.0.0%2CN%3Bsecurity%2C24.0.0%2CN%3Bseo%2C24.300.0%2CN%3Bsocialservices%2C24.0.200%2CN%3Bsubscribe%2C24.0.0%2CN%3Btranslate%2C24.0.0%2CN%3Bui%2C24.300.0%2CN%3Bvote%2C24.0.0%2CN&reqm=bitrix.sitecorporate%2Cnsandrey.emptyinstall&fullmoduleinfo=Y&SUPD_SRS=RU&SUPD_CMP=N
2025-04-12 16:07:01 -  - exec CUpdateClientPartner::GetHTTPPage
2025-04-12 16:07:02 -  - TIME GetUpdatesList(request) 1.184 sec
2025-04-12 16:07:02 -  - exec CUpdateClientPartner::ParseServerData
2025-04-12 16:07:02 -  - exec CUpdateClientPartner::__CollectRequestData
2025-04-12 16:07:02 -  - exec CUpdateClientPartner::GetHTTPPage
2025-04-12 16:07:03 -  - exec CUpdateClientPartner::ParseServerData
2025-04-16 14:28:26 -  - exec CUpdateClientPartner::__CollectRequestData
2025-04-16 14:28:26 -  - exec CUpdateClientPartner::GetHTTPPage
2025-04-16 14:28:27 -  - exec CUpdateClientPartner::__CollectRequestData
2025-04-16 14:28:27 -  - exec CUpdateClientPartner::GetHTTPPage
2025-04-16 14:28:27 -  - exec CUpdateClientPartner::ParseServerData
2025-04-16 14:28:27 -  - exec CUpdateClientPartner::GetUpdatesList
2025-04-16 14:28:27 -  - exec CUpdateClientPartner::__CollectRequestData
2025-04-16 14:28:27 -  - utf=Y&lang=ru&stable=Y&CANGZIP=Y&SUPD_DBS=MYSQL&XE=N&CLIENT_SITE=comforum.local&LICENSE_KEY=X&SUPD_STS=1&SUPD_URS=0&TYPENC=D&CLIENT_PHPVER=8.3.6&NGINX=Y&dbv=8.0.31&instm=main%2C24.0.796%2CY%3Bb24connector%2C24.0.0%2CN%3Bbitrix.sitecorporate%2C24.0.0%2CN%3Bbitrixcloud%2C24.0.0%2CN%3Bblog%2C24.0.0%2CN%3Bclouds%2C24.100.0%2CN%3Bfileman%2C24.100.0%2CN%3Bform%2C24.0.0%2CN%3Bforum%2C24.100.300%2CN%3Bhighloadblock%2C24.0.201%2CN%3Biblock%2C24.0.200%2CN%3Blanding%2C24.400.300%2CN%3Blocation%2C24.100.0%2CN%3Bmessageservice%2C24.500.0%2CN%3Bmobileapp%2C24.0.0%2CN%3Bnsandrey.emptyinstall%2C1.0.5%2CN%3Bperfmon%2C24.0.0%2CN%3Bphotogallery%2C24.100.0%2CN%3Brest%2C24.500.0%2CN%3Bsearch%2C24.0.0%2CN%3Bsecurity%2C24.0.0%2CN%3Bseo%2C24.300.0%2CN%3Bsocialservices%2C24.0.200%2CN%3Bsubscribe%2C24.0.0%2CN%3Btranslate%2C24.0.0%2CN%3Bui%2C24.300.0%2CN%3Bvote%2C24.0.0%2CN&reqm=bitrix.sitecorporate%2Cnsandrey.emptyinstall&fullmoduleinfo=Y&SUPD_SRS=RU&SUPD_CMP=N
2025-04-16 14:28:27 -  - exec CUpdateClientPartner::GetHTTPPage
2025-04-16 14:28:27 -  - exec CUpdateClientPartner::ParseServerData
2025-04-16 14:28:27 -  - exec CUpdateClientPartner::GetUpdatesList
2025-04-16 14:28:27 -  - exec CUpdateClientPartner::__CollectRequestData
2025-04-16 14:28:27 -  - utf=Y&lang=ru&stable=Y&CANGZIP=Y&SUPD_DBS=MYSQL&XE=N&CLIENT_SITE=comforum.local&LICENSE_KEY=X&SUPD_STS=1&SUPD_URS=0&TYPENC=D&CLIENT_PHPVER=8.3.6&NGINX=Y&dbv=8.0.31&instm=main%2C24.0.796%2CY%3Bb24connector%2C24.0.0%2CN%3Bbitrix.sitecorporate%2C24.0.0%2CN%3Bbitrixcloud%2C24.0.0%2CN%3Bblog%2C24.0.0%2CN%3Bclouds%2C24.100.0%2CN%3Bfileman%2C24.100.0%2CN%3Bform%2C24.0.0%2CN%3Bforum%2C24.100.300%2CN%3Bhighloadblock%2C24.0.201%2CN%3Biblock%2C24.0.200%2CN%3Blanding%2C24.400.300%2CN%3Blocation%2C24.100.0%2CN%3Bmessageservice%2C24.500.0%2CN%3Bmobileapp%2C24.0.0%2CN%3Bnsandrey.emptyinstall%2C1.0.5%2CN%3Bperfmon%2C24.0.0%2CN%3Bphotogallery%2C24.100.0%2CN%3Brest%2C24.500.0%2CN%3Bsearch%2C24.0.0%2CN%3Bsecurity%2C24.0.0%2CN%3Bseo%2C24.300.0%2CN%3Bsocialservices%2C24.0.200%2CN%3Bsubscribe%2C24.0.0%2CN%3Btranslate%2C24.0.0%2CN%3Bui%2C24.300.0%2CN%3Bvote%2C24.0.0%2CN&reqm=bitrix.sitecorporate%2Cnsandrey.emptyinstall&fullmoduleinfo=Y&SUPD_SRS=RU&SUPD_CMP=N
2025-04-16 14:28:27 -  - exec CUpdateClientPartner::GetHTTPPage
2025-04-16 14:28:28 -  - TIME GetUpdatesList(request) 0.773 sec
2025-04-16 14:28:28 -  - exec CUpdateClientPartner::ParseServerData
2025-04-16 14:28:28 -  - exec CUpdateClientPartner::__CollectRequestData
2025-04-16 14:28:28 -  - exec CUpdateClientPartner::GetHTTPPage
2025-04-16 14:28:28 -  - TIME GetUpdatesList(request) 0.627 sec
2025-04-16 14:28:28 -  - exec CUpdateClientPartner::ParseServerData
2025-04-16 14:28:28 -  - exec CUpdateClientPartner::__CollectRequestData
2025-04-16 14:28:28 -  - exec CUpdateClientPartner::GetHTTPPage
2025-04-16 14:28:28 -  - exec CUpdateClientPartner::ParseServerData
2025-04-16 14:28:29 -  - exec CUpdateClientPartner::ParseServerData
2025-04-17 15:37:37 -  - exec CUpdateClientPartner::__CollectRequestData
2025-04-17 15:37:37 -  - exec CUpdateClientPartner::GetHTTPPage
2025-04-17 15:37:38 -  - exec CUpdateClientPartner::ParseServerData
2025-04-17 15:37:38 -  - exec CUpdateClientPartner::GetUpdatesList
2025-04-17 15:37:38 -  - exec CUpdateClientPartner::__CollectRequestData
2025-04-17 15:37:38 -  - utf=Y&lang=ru&stable=Y&CANGZIP=Y&SUPD_DBS=MYSQL&XE=N&CLIENT_SITE=comforum.local&LICENSE_KEY=X&SUPD_STS=1&SUPD_URS=0&TYPENC=D&CLIENT_PHPVER=8.3.6&NGINX=Y&dbv=8.0.31&instm=main%2C24.0.796%2CY%3Bb24connector%2C24.0.0%2CN%3Bbitrix.sitecorporate%2C24.0.0%2CN%3Bbitrixcloud%2C24.0.0%2CN%3Bblog%2C24.0.0%2CN%3Bclouds%2C24.100.0%2CN%3Bfileman%2C24.100.0%2CN%3Bform%2C24.0.0%2CN%3Bforum%2C24.100.300%2CN%3Bhighloadblock%2C24.0.201%2CN%3Biblock%2C24.0.200%2CN%3Blanding%2C24.400.300%2CN%3Blocation%2C24.100.0%2CN%3Bmessageservice%2C24.500.0%2CN%3Bmobileapp%2C24.0.0%2CN%3Bnsandrey.emptyinstall%2C1.0.5%2CN%3Bperfmon%2C24.0.0%2CN%3Bphotogallery%2C24.100.0%2CN%3Brest%2C24.500.0%2CN%3Bsearch%2C24.0.0%2CN%3Bsecurity%2C24.0.0%2CN%3Bseo%2C24.300.0%2CN%3Bsocialservices%2C24.0.200%2CN%3Bsubscribe%2C24.0.0%2CN%3Btranslate%2C24.0.0%2CN%3Bui%2C24.300.0%2CN%3Bvote%2C24.0.0%2CN&reqm=bitrix.sitecorporate%2Cnsandrey.emptyinstall&fullmoduleinfo=Y&SUPD_SRS=RU&SUPD_CMP=N
2025-04-17 15:37:38 -  - exec CUpdateClientPartner::GetHTTPPage
2025-04-17 15:37:39 -  - TIME GetUpdatesList(request) 0.662 sec
2025-04-17 15:37:39 -  - exec CUpdateClientPartner::ParseServerData
2025-04-17 15:37:39 -  - exec CUpdateClientPartner::__CollectRequestData
2025-04-17 15:37:39 -  - exec CUpdateClientPartner::GetHTTPPage
2025-04-17 15:37:39 -  - exec CUpdateClientPartner::ParseServerData
2025-04-19 00:48:08 -  - exec CUpdateClientPartner::__CollectRequestData
2025-04-19 00:48:08 -  - exec CUpdateClientPartner::GetHTTPPage
2025-04-19 00:48:09 -  - exec CUpdateClientPartner::ParseServerData
2025-04-19 00:48:09 -  - exec CUpdateClientPartner::GetUpdatesList
2025-04-19 00:48:09 -  - exec CUpdateClientPartner::__CollectRequestData
2025-04-19 00:48:09 -  - utf=Y&lang=ru&stable=Y&CANGZIP=Y&SUPD_DBS=MYSQL&XE=N&CLIENT_SITE=comforum.local&LICENSE_KEY=X&SUPD_STS=1&SUPD_URS=0&TYPENC=D&CLIENT_PHPVER=8.3.6&NGINX=Y&dbv=8.0.31&instm=main%2C24.0.796%2CY%3Bb24connector%2C24.0.0%2CN%3Bbitrix.sitecorporate%2C24.0.0%2CN%3Bbitrixcloud%2C24.0.0%2CN%3Bblog%2C24.0.0%2CN%3Bclouds%2C24.100.0%2CN%3Bfileman%2C24.100.0%2CN%3Bform%2C24.0.0%2CN%3Bforum%2C24.100.300%2CN%3Bhighloadblock%2C24.0.201%2CN%3Biblock%2C24.0.200%2CN%3Blanding%2C24.400.300%2CN%3Blocation%2C24.100.0%2CN%3Bmessageservice%2C24.500.0%2CN%3Bmobileapp%2C24.0.0%2CN%3Bnsandrey.emptyinstall%2C1.0.5%2CN%3Bperfmon%2C24.0.0%2CN%3Bphotogallery%2C24.100.0%2CN%3Brest%2C24.500.0%2CN%3Bsearch%2C24.0.0%2CN%3Bsecurity%2C24.0.0%2CN%3Bseo%2C24.300.0%2CN%3Bsocialservices%2C24.0.200%2CN%3Bsubscribe%2C24.0.0%2CN%3Btranslate%2C24.0.0%2CN%3Bui%2C24.300.0%2CN%3Bvote%2C24.0.0%2CN&reqm=bitrix.sitecorporate%2Cnsandrey.emptyinstall&fullmoduleinfo=Y&SUPD_SRS=RU&SUPD_CMP=N
2025-04-19 00:48:09 -  - exec CUpdateClientPartner::GetHTTPPage
2025-04-19 00:48:10 -  - TIME GetUpdatesList(request) 0.732 sec
2025-04-19 00:48:10 -  - exec CUpdateClientPartner::ParseServerData
2025-04-19 00:48:10 -  - exec CUpdateClientPartner::__CollectRequestData
2025-04-19 00:48:10 -  - exec CUpdateClientPartner::GetHTTPPage
2025-04-19 00:48:11 -  - exec CUpdateClientPartner::ParseServerData
